<?xml version="1.0" encoding="UTF-8"?>
<testng-results skipped="0" failed="0" ignored="4" total="7" passed="3">
  <reporter-output>
  </reporter-output>
  <suite name="Default suite" duration-ms="63174" started-at="2020-09-30T09:02:34Z" finished-at="2020-09-30T09:03:37Z">
    <groups>
    </groups>
    <test name="Default test" duration-ms="63174" started-at="2020-09-30T09:02:34Z" finished-at="2020-09-30T09:03:37Z">
      <class name="LoginPageTest">
        <test-method status="PASS" signature="setUpSuite()[pri:0, instance:LoginPageTest@72b6cbcc]" name="setUpSuite" is-config="true" duration-ms="296" started-at="2020-09-30T09:02:34Z" finished-at="2020-09-30T09:02:34Z">
          <reporter-output>
          </reporter-output>
        </test-method> <!-- setUpSuite -->
        <test-method status="PASS" signature="SetUp()[pri:0, instance:LoginPageTest@72b6cbcc]" name="SetUp" is-config="true" duration-ms="13546" started-at="2020-09-30T09:02:34Z" finished-at="2020-09-30T09:02:48Z">
          <reporter-output>
          </reporter-output>
        </test-method> <!-- SetUp -->
        <test-method status="PASS" signature="LoginPageTitle()[pri:1, instance:LoginPageTest@72b6cbcc]" name="LoginPageTitle" duration-ms="113" started-at="2020-09-30T09:02:48Z" finished-at="2020-09-30T09:02:48Z">
          <reporter-output>
          </reporter-output>
        </test-method> <!-- LoginPageTitle -->
        <test-method status="PASS" signature="tearDown()[pri:0, instance:LoginPageTest@72b6cbcc]" name="tearDown" is-config="true" duration-ms="1318" started-at="2020-09-30T09:02:48Z" finished-at="2020-09-30T09:02:49Z">
          <reporter-output>
          </reporter-output>
        </test-method> <!-- tearDown -->
        <test-method status="PASS" signature="SetUp()[pri:0, instance:LoginPageTest@72b6cbcc]" name="SetUp" is-config="true" duration-ms="9704" started-at="2020-09-30T09:03:15Z" finished-at="2020-09-30T09:03:25Z">
          <reporter-output>
          </reporter-output>
        </test-method> <!-- SetUp -->
        <test-method status="PASS" signature="loginTest()[pri:2, instance:LoginPageTest@72b6cbcc]" name="loginTest" duration-ms="10585" started-at="2020-09-30T09:03:25Z" finished-at="2020-09-30T09:03:35Z">
          <reporter-output>
          </reporter-output>
        </test-method> <!-- loginTest -->
        <test-method status="PASS" signature="tearDown()[pri:0, instance:LoginPageTest@72b6cbcc]" name="tearDown" is-config="true" duration-ms="1762" started-at="2020-09-30T09:03:35Z" finished-at="2020-09-30T09:03:37Z">
          <reporter-output>
          </reporter-output>
        </test-method> <!-- tearDown -->
      </class> <!-- LoginPageTest -->
      <class name="HomePageTest">
        <test-method status="PASS" signature="SetUp()[pri:0, instance:HomePageTest@a7e666]" name="SetUp" is-config="true" duration-ms="21411" started-at="2020-09-30T09:02:49Z" finished-at="2020-09-30T09:03:10Z">
          <reporter-output>
          </reporter-output>
        </test-method> <!-- SetUp -->
        <test-method status="PASS" signature="validatinghomepageTitle()[pri:1, instance:HomePageTest@a7e666]" name="validatinghomepageTitle" duration-ms="3677" started-at="2020-09-30T09:03:10Z" finished-at="2020-09-30T09:03:14Z">
          <reporter-output>
          </reporter-output>
        </test-method> <!-- validatinghomepageTitle -->
        <test-method status="PASS" signature="tearDown()[pri:0, instance:HomePageTest@a7e666]" name="tearDown" is-config="true" duration-ms="1035" started-at="2020-09-30T09:03:14Z" finished-at="2020-09-30T09:03:15Z">
          <reporter-output>
          </reporter-output>
        </test-method> <!-- tearDown -->
      </class> <!-- HomePageTest -->
    </test> <!-- Default test -->
  </suite> <!-- Default suite -->
</testng-results>
