<?xml version="1.0" encoding="UTF-8"?>
<testng-results skipped="0" failed="0" ignored="0" total="5" passed="5">
  <reporter-output>
  </reporter-output>
  <suite name="Default suite" duration-ms="132589" started-at="2020-08-06T10:56:03Z" finished-at="2020-08-06T10:58:16Z">
    <groups>
    </groups>
    <test name="Default test" duration-ms="132589" started-at="2020-08-06T10:56:03Z" finished-at="2020-08-06T10:58:16Z">
      <class name="com.TestNG.DataProvider_register">
        <test-method status="PASS" signature="SetUp()[pri:0, instance:com.TestNG.DataProvider_register@5ec0a365]" name="SetUp" is-config="true" duration-ms="11387" started-at="2020-08-06T10:56:05Z" finished-at="2020-08-06T10:56:16Z">
          <reporter-output>
          </reporter-output>
        </test-method> <!-- SetUp -->
        <test-method status="PASS" signature="register_test(java.lang.String, java.lang.String, java.lang.String, java.lang.String, java.lang.String, java.lang.String, java.lang.String, java.lang.String, java.lang.String, java.lang.String, java.lang.String, java.lang.String, java.lang.String, java.lang.String, java.lang.String)[pri:0, instance:com.TestNG.DataProvider_register@5ec0a365]" name="register_test" duration-ms="19092" started-at="2020-08-06T10:56:16Z" data-provider="getTestdata" finished-at="2020-08-06T10:56:35Z">
          <params>
            <param index="0">
              <value>
                <![CDATA[Ramya]]>
              </value>
            </param>
            <param index="1">
              <value>
                <![CDATA[Hi]]>
              </value>
            </param>
            <param index="2">
              <value>
                <![CDATA[Uppal]]>
              </value>
            </param>
            <param index="3">
              <value>
                <![CDATA[rams@gmail.com]]>
              </value>
            </param>
            <param index="4">
              <value>
                <![CDATA[7894561231]]>
              </value>
            </param>
            <param index="5">
              <value>
                <![CDATA[Male]]>
              </value>
            </param>
            <param index="6">
              <value>
                <![CDATA[Cricket]]>
              </value>
            </param>
            <param index="7">
              <value>
                <![CDATA[Java]]>
              </value>
            </param>
            <param index="8">
              <value>
                <![CDATA[India]]>
              </value>
            </param>
            <param index="9">
              <value>
                <![CDATA[1992]]>
              </value>
            </param>
            <param index="10">
              <value>
                <![CDATA[January]]>
              </value>
            </param>
            <param index="11">
              <value>
                <![CDATA[13]]>
              </value>
            </param>
            <param index="12">
              <value>
                <![CDATA[Renuka123]]>
              </value>
            </param>
            <param index="13">
              <value>
                <![CDATA[Renuka123]]>
              </value>
            </param>
            <param index="14">
              <value>
                <![CDATA[]]>
              </value>
            </param>
          </params>
          <reporter-output>
          </reporter-output>
        </test-method> <!-- register_test -->
        <test-method status="PASS" signature="tearDown()[pri:0, instance:com.TestNG.DataProvider_register@5ec0a365]" name="tearDown" is-config="true" duration-ms="757" started-at="2020-08-06T10:56:35Z" finished-at="2020-08-06T10:56:36Z">
          <reporter-output>
          </reporter-output>
        </test-method> <!-- tearDown -->
        <test-method status="PASS" signature="SetUp()[pri:0, instance:com.TestNG.DataProvider_register@5ec0a365]" name="SetUp" is-config="true" duration-ms="7884" started-at="2020-08-06T10:56:36Z" finished-at="2020-08-06T10:56:44Z">
          <reporter-output>
          </reporter-output>
        </test-method> <!-- SetUp -->
        <test-method status="PASS" signature="register_test(java.lang.String, java.lang.String, java.lang.String, java.lang.String, java.lang.String, java.lang.String, java.lang.String, java.lang.String, java.lang.String, java.lang.String, java.lang.String, java.lang.String, java.lang.String, java.lang.String, java.lang.String)[pri:0, instance:com.TestNG.DataProvider_register@5ec0a365]" name="register_test" duration-ms="15447" started-at="2020-08-06T10:56:44Z" data-provider="getTestdata" finished-at="2020-08-06T10:56:59Z">
          <params>
            <param index="0">
              <value>
                <![CDATA[Sushma]]>
              </value>
            </param>
            <param index="1">
              <value>
                <![CDATA[hello]]>
              </value>
            </param>
            <param index="2">
              <value>
                <![CDATA[Kukatpally]]>
              </value>
            </param>
            <param index="3">
              <value>
                <![CDATA[susu@gmail.com]]>
              </value>
            </param>
            <param index="4">
              <value>
                <![CDATA[7894561232]]>
              </value>
            </param>
            <param index="5">
              <value>
                <![CDATA[FeMale]]>
              </value>
            </param>
            <param index="6">
              <value>
                <![CDATA[Hockey]]>
              </value>
            </param>
            <param index="7">
              <value>
                <![CDATA[C]]>
              </value>
            </param>
            <param index="8">
              <value>
                <![CDATA[Belgium]]>
              </value>
            </param>
            <param index="9">
              <value>
                <![CDATA[2000]]>
              </value>
            </param>
            <param index="10">
              <value>
                <![CDATA[March]]>
              </value>
            </param>
            <param index="11">
              <value>
                <![CDATA[30]]>
              </value>
            </param>
            <param index="12">
              <value>
                <![CDATA[Bava123]]>
              </value>
            </param>
            <param index="13">
              <value>
                <![CDATA[Bava123]]>
              </value>
            </param>
            <param index="14">
              <value>
                <![CDATA[]]>
              </value>
            </param>
          </params>
          <reporter-output>
          </reporter-output>
        </test-method> <!-- register_test -->
        <test-method status="PASS" signature="tearDown()[pri:0, instance:com.TestNG.DataProvider_register@5ec0a365]" name="tearDown" is-config="true" duration-ms="673" started-at="2020-08-06T10:56:59Z" finished-at="2020-08-06T10:57:00Z">
          <reporter-output>
          </reporter-output>
        </test-method> <!-- tearDown -->
        <test-method status="PASS" signature="SetUp()[pri:0, instance:com.TestNG.DataProvider_register@5ec0a365]" name="SetUp" is-config="true" duration-ms="8933" started-at="2020-08-06T10:57:00Z" finished-at="2020-08-06T10:57:09Z">
          <reporter-output>
          </reporter-output>
        </test-method> <!-- SetUp -->
        <test-method status="PASS" signature="register_test(java.lang.String, java.lang.String, java.lang.String, java.lang.String, java.lang.String, java.lang.String, java.lang.String, java.lang.String, java.lang.String, java.lang.String, java.lang.String, java.lang.String, java.lang.String, java.lang.String, java.lang.String)[pri:0, instance:com.TestNG.DataProvider_register@5ec0a365]" name="register_test" duration-ms="16770" started-at="2020-08-06T10:57:09Z" data-provider="getTestdata" finished-at="2020-08-06T10:57:25Z">
          <params>
            <param index="0">
              <value>
                <![CDATA[Divya]]>
              </value>
            </param>
            <param index="1">
              <value>
                <![CDATA[Bye]]>
              </value>
            </param>
            <param index="2">
              <value>
                <![CDATA[Boduppal]]>
              </value>
            </param>
            <param index="3">
              <value>
                <![CDATA[div@gmail.com]]>
              </value>
            </param>
            <param index="4">
              <value>
                <![CDATA[7894561233]]>
              </value>
            </param>
            <param index="5">
              <value>
                <![CDATA[Male]]>
              </value>
            </param>
            <param index="6">
              <value>
                <![CDATA[Movies]]>
              </value>
            </param>
            <param index="7">
              <value>
                <![CDATA[C++]]>
              </value>
            </param>
            <param index="8">
              <value>
                <![CDATA[Australia]]>
              </value>
            </param>
            <param index="9">
              <value>
                <![CDATA[2003]]>
              </value>
            </param>
            <param index="10">
              <value>
                <![CDATA[June]]>
              </value>
            </param>
            <param index="11">
              <value>
                <![CDATA[14]]>
              </value>
            </param>
            <param index="12">
              <value>
                <![CDATA[Chelli]]>
              </value>
            </param>
            <param index="13">
              <value>
                <![CDATA[Chelli2]]>
              </value>
            </param>
            <param index="14">
              <value>
                <![CDATA[]]>
              </value>
            </param>
          </params>
          <reporter-output>
          </reporter-output>
        </test-method> <!-- register_test -->
        <test-method status="PASS" signature="tearDown()[pri:0, instance:com.TestNG.DataProvider_register@5ec0a365]" name="tearDown" is-config="true" duration-ms="673" started-at="2020-08-06T10:57:25Z" finished-at="2020-08-06T10:57:26Z">
          <reporter-output>
          </reporter-output>
        </test-method> <!-- tearDown -->
        <test-method status="PASS" signature="SetUp()[pri:0, instance:com.TestNG.DataProvider_register@5ec0a365]" name="SetUp" is-config="true" duration-ms="9055" started-at="2020-08-06T10:57:26Z" finished-at="2020-08-06T10:57:35Z">
          <reporter-output>
          </reporter-output>
        </test-method> <!-- SetUp -->
        <test-method status="PASS" signature="register_test(java.lang.String, java.lang.String, java.lang.String, java.lang.String, java.lang.String, java.lang.String, java.lang.String, java.lang.String, java.lang.String, java.lang.String, java.lang.String, java.lang.String, java.lang.String, java.lang.String, java.lang.String)[pri:0, instance:com.TestNG.DataProvider_register@5ec0a365]" name="register_test" duration-ms="15546" started-at="2020-08-06T10:57:35Z" data-provider="getTestdata" finished-at="2020-08-06T10:57:51Z">
          <params>
            <param index="0">
              <value>
                <![CDATA[Renu]]>
              </value>
            </param>
            <param index="1">
              <value>
                <![CDATA[Hehe]]>
              </value>
            </param>
            <param index="2">
              <value>
                <![CDATA[Madhapur]]>
              </value>
            </param>
            <param index="3">
              <value>
                <![CDATA[renu@gmail.com]]>
              </value>
            </param>
            <param index="4">
              <value>
                <![CDATA[7894561234]]>
              </value>
            </param>
            <param index="5">
              <value>
                <![CDATA[FeMale]]>
              </value>
            </param>
            <param index="6">
              <value>
                <![CDATA[Hockey]]>
              </value>
            </param>
            <param index="7">
              <value>
                <![CDATA[Java]]>
              </value>
            </param>
            <param index="8">
              <value>
                <![CDATA[Aruba]]>
              </value>
            </param>
            <param index="9">
              <value>
                <![CDATA[2015]]>
              </value>
            </param>
            <param index="10">
              <value>
                <![CDATA[April]]>
              </value>
            </param>
            <param index="11">
              <value>
                <![CDATA[24]]>
              </value>
            </param>
            <param index="12">
              <value>
                <![CDATA[Amma123]]>
              </value>
            </param>
            <param index="13">
              <value>
                <![CDATA[Amma123]]>
              </value>
            </param>
            <param index="14">
              <value>
                <![CDATA[]]>
              </value>
            </param>
          </params>
          <reporter-output>
          </reporter-output>
        </test-method> <!-- register_test -->
        <test-method status="PASS" signature="tearDown()[pri:0, instance:com.TestNG.DataProvider_register@5ec0a365]" name="tearDown" is-config="true" duration-ms="691" started-at="2020-08-06T10:57:51Z" finished-at="2020-08-06T10:57:51Z">
          <reporter-output>
          </reporter-output>
        </test-method> <!-- tearDown -->
        <test-method status="PASS" signature="SetUp()[pri:0, instance:com.TestNG.DataProvider_register@5ec0a365]" name="SetUp" is-config="true" duration-ms="7780" started-at="2020-08-06T10:57:51Z" finished-at="2020-08-06T10:57:59Z">
          <reporter-output>
          </reporter-output>
        </test-method> <!-- SetUp -->
        <test-method status="PASS" signature="register_test(java.lang.String, java.lang.String, java.lang.String, java.lang.String, java.lang.String, java.lang.String, java.lang.String, java.lang.String, java.lang.String, java.lang.String, java.lang.String, java.lang.String, java.lang.String, java.lang.String, java.lang.String)[pri:0, instance:com.TestNG.DataProvider_register@5ec0a365]" name="register_test" duration-ms="15679" started-at="2020-08-06T10:57:59Z" data-provider="getTestdata" finished-at="2020-08-06T10:58:15Z">
          <params>
            <param index="0">
              <value>
                <![CDATA[Sushma]]>
              </value>
            </param>
            <param index="1">
              <value>
                <![CDATA[Bye]]>
              </value>
            </param>
            <param index="2">
              <value>
                <![CDATA[Boduppal]]>
              </value>
            </param>
            <param index="3">
              <value>
                <![CDATA[div@gmail.com]]>
              </value>
            </param>
            <param index="4">
              <value>
                <![CDATA[7894561233]]>
              </value>
            </param>
            <param index="5">
              <value>
                <![CDATA[Male]]>
              </value>
            </param>
            <param index="6">
              <value>
                <![CDATA[Movies]]>
              </value>
            </param>
            <param index="7">
              <value>
                <![CDATA[C++]]>
              </value>
            </param>
            <param index="8">
              <value>
                <![CDATA[Australia]]>
              </value>
            </param>
            <param index="9">
              <value>
                <![CDATA[2003]]>
              </value>
            </param>
            <param index="10">
              <value>
                <![CDATA[June]]>
              </value>
            </param>
            <param index="11">
              <value>
                <![CDATA[14]]>
              </value>
            </param>
            <param index="12">
              <value>
                <![CDATA[Chelli]]>
              </value>
            </param>
            <param index="13">
              <value>
                <![CDATA[Chelli2]]>
              </value>
            </param>
            <param index="14">
              <value>
                <![CDATA[]]>
              </value>
            </param>
          </params>
          <reporter-output>
          </reporter-output>
        </test-method> <!-- register_test -->
        <test-method status="PASS" signature="tearDown()[pri:0, instance:com.TestNG.DataProvider_register@5ec0a365]" name="tearDown" is-config="true" duration-ms="742" started-at="2020-08-06T10:58:15Z" finished-at="2020-08-06T10:58:16Z">
          <reporter-output>
          </reporter-output>
        </test-method> <!-- tearDown -->
      </class> <!-- com.TestNG.DataProvider_register -->
    </test> <!-- Default test -->
  </suite> <!-- Default suite -->
</testng-results>
