<?xml version="1.0" encoding="UTF-8"?>
<testng-results skipped="0" failed="0" ignored="0" total="2" passed="2">
  <reporter-output>
  </reporter-output>
  <suite name="Default suite" duration-ms="68487" started-at="2020-08-13T12:45:37Z" finished-at="2020-08-13T12:46:45Z">
    <groups>
    </groups>
    <test name="Default test" duration-ms="68487" started-at="2020-08-13T12:45:37Z" finished-at="2020-08-13T12:46:45Z">
      <class name="com.Log4j.Log4j">
        <test-method status="PASS" signature="SetUp()[pri:0, instance:com.Log4j.Log4j@7b49cea0]" name="SetUp" is-config="true" duration-ms="52045" started-at="2020-08-13T12:45:37Z" finished-at="2020-08-13T12:46:29Z">
          <reporter-output>
          </reporter-output>
        </test-method> <!-- SetUp -->
        <test-method status="PASS" signature="CurrentUrl()[pri:1, instance:com.Log4j.Log4j@7b49cea0]" name="CurrentUrl" duration-ms="19" started-at="2020-08-13T12:46:29Z" finished-at="2020-08-13T12:46:29Z">
          <reporter-output>
          </reporter-output>
        </test-method> <!-- CurrentUrl -->
        <test-method status="PASS" signature="TearDown()[pri:0, instance:com.Log4j.Log4j@7b49cea0]" name="TearDown" is-config="true" duration-ms="912" started-at="2020-08-13T12:46:29Z" finished-at="2020-08-13T12:46:30Z">
          <reporter-output>
          </reporter-output>
        </test-method> <!-- TearDown -->
        <test-method status="PASS" signature="SetUp()[pri:0, instance:com.Log4j.Log4j@7b49cea0]" name="SetUp" is-config="true" duration-ms="14585" started-at="2020-08-13T12:46:30Z" finished-at="2020-08-13T12:46:44Z">
          <reporter-output>
          </reporter-output>
        </test-method> <!-- SetUp -->
        <test-method status="PASS" signature="GoogleTitle()[pri:2, instance:com.Log4j.Log4j@7b49cea0]" name="GoogleTitle" duration-ms="50" started-at="2020-08-13T12:46:44Z" finished-at="2020-08-13T12:46:44Z">
          <reporter-output>
          </reporter-output>
        </test-method> <!-- GoogleTitle -->
        <test-method status="PASS" signature="TearDown()[pri:0, instance:com.Log4j.Log4j@7b49cea0]" name="TearDown" is-config="true" duration-ms="803" started-at="2020-08-13T12:46:44Z" finished-at="2020-08-13T12:46:45Z">
          <reporter-output>
          </reporter-output>
        </test-method> <!-- TearDown -->
      </class> <!-- com.Log4j.Log4j -->
    </test> <!-- Default test -->
  </suite> <!-- Default suite -->
</testng-results>
