<?xml version="1.0" encoding="UTF-8"?>
<!-- Generated by org.testng.reporters.JUnitXMLReporter -->
<testsuite hostname="siva-PC" ignored="4" tests="3" failures="0" timestamp="30 Sep 2020 09:03:37 GMT" time="63.174" errors="0">
  <testcase name="LoginPageTitle" time="0.113" classname="LoginPageTest"/>
  <testcase name="validatinghomepageTitle" time="3.677" classname="HomePageTest"/>
  <testcase name="loginTest" time="10.585" classname="LoginPageTest"/>
  <testcase name="@BeforeSuite setUpSuite" time="0.0" classname="com.qa.BaseTest.BaseTest">
    <ignored/>
  </testcase> <!-- @BeforeSuite setUpSuite -->
  <testcase name="@BeforeSuite setUpSuite" time="0.0" classname="com.qa.BaseTest.BaseTest">
    <ignored/>
  </testcase> <!-- @BeforeSuite setUpSuite -->
  <testcase name="@BeforeSuite setUpSuite" time="0.0" classname="com.qa.BaseTest.BaseTest">
    <ignored/>
  </testcase> <!-- @BeforeSuite setUpSuite -->
  <testcase name="@BeforeSuite setUpSuite" time="0.0" classname="com.qa.BaseTest.BaseTest">
    <ignored/>
  </testcase> <!-- @BeforeSuite setUpSuite -->
</testsuite>
