<?xml version="1.0" encoding="UTF-8"?>
<!-- Generated by org.testng.reporters.JUnitXMLReporter -->
<testsuite hostname="siva-PC" ignored="0" name="Test" tests="28" failures="0" timestamp="04 Aug 2020 05:25:46 GMT" time="100.197" errors="0">
  <testcase name="Hi" time="0.008" classname="com.TestNG.ExceptionTimeOut"/>
  <testcase name="test1" time="0.002" classname="com.TestNG.TestNg_Features"/>
  <testcase name="test2" time="0.011" classname="com.TestNG.TestNg_Features"/>
  <testcase name="test3" time="0.004" classname="com.TestNG.TestNg_Features"/>
  <testcase name="test4" time="0.002" classname="com.TestNG.TestNg_Features"/>
  <testcase name="Logintest" time="0.003" classname="com.TestNG.DataProviderExample"/>
  <testcase name="Logintest" time="0.011" classname="com.TestNG.DataProviderExample"/>
  <testcase name="Logintest" time="0.001" classname="com.TestNG.DataProviderExample"/>
  <testcase name="Logintest" time="24.566" classname="com.TestNG.DataProvider_Fb"/>
  <testcase name="Logintest" time="21.418" classname="com.TestNG.DataProvider_Fb"/>
  <testcase name="register_test" time="0.0" classname="com.TestNG.DataProvider_register">
    <skipped/>
  </testcase> <!-- register_test -->
  <testcase name="sum" time="0.001" classname="com.TestNG.InvocationCount"/>
  <testcase name="sum" time="0.005" classname="com.TestNG.InvocationCount"/>
  <testcase name="sum" time="0.001" classname="com.TestNG.InvocationCount"/>
  <testcase name="sum" time="0.004" classname="com.TestNG.InvocationCount"/>
  <testcase name="sum" time="0.002" classname="com.TestNG.InvocationCount"/>
  <testcase name="sum" time="0.005" classname="com.TestNG.InvocationCount"/>
  <testcase name="sum" time="0.004" classname="com.TestNG.InvocationCount"/>
  <testcase name="sum" time="0.002" classname="com.TestNG.InvocationCount"/>
  <testcase name="sum" time="0.003" classname="com.TestNG.InvocationCount"/>
  <testcase name="sum" time="0.002" classname="com.TestNG.InvocationCount"/>
  <testcase name="Logintest" time="0.002" classname="com.TestNG.DataProviderExample2"/>
  <testcase name="Logintest" time="0.003" classname="com.TestNG.DataProviderExample2"/>
  <testcase name="Logintest" time="0.001" classname="com.TestNG.DataProviderExample2"/>
  <testcase name="CurrentUrl" time="0.016" classname="com.TestNG.OrangeTest"/>
  <testcase name="CurrentUrl" time="0.021" classname="com.TestNG.Testng_grouping"/>
  <testcase name="GoogleTitleTest" time="0.001" classname="com.TestNG.TestNGBasics"/>
  <testcase name="GoogleTitle" time="0.056" classname="com.TestNG.OrangeTest"/>
</testsuite> <!-- Test -->
