<?xml version="1.0" encoding="UTF-8"?>
<!-- Generated by org.testng.reporters.JUnitXMLReporter -->
<testsuite hostname="siva-PC" ignored="0" name="Default test" tests="5" failures="0" timestamp="06 Aug 2020 10:58:16 GMT" time="132.589" errors="0">
  <testcase name="register_test" time="19.092" classname="com.TestNG.DataProvider_register"/>
  <testcase name="register_test" time="15.447" classname="com.TestNG.DataProvider_register"/>
  <testcase name="register_test" time="16.77" classname="com.TestNG.DataProvider_register"/>
  <testcase name="register_test" time="15.546" classname="com.TestNG.DataProvider_register"/>
  <testcase name="register_test" time="15.679" classname="com.TestNG.DataProvider_register"/>
</testsuite> <!-- Default test -->
